Arguments: 
  /usr/local/Cellar/node/19.1.0/bin/node /usr/local/bin/yarn install

PATH: 
  /Users/macmini/.rvm/gems/ruby-2.7.4/bin:/Users/macmini/.rvm/gems/ruby-2.7.4@global/bin:/Users/macmini/.rvm/rubies/ruby-2.7.4/bin:/Users/macmini/.rvm/bin:/Users/macmini/.rbenv/shims:/Users/macmini/.rbenv/shims:/Users/macmini/.rbenv/shims:/usr/local/bin:/usr/bin:/bin:/usr/sbin:/sbin:/Library/Apple/usr/bin

Yarn version: 
  1.22.19

Node version: 
  19.1.0

Platform: 
  darwin x64

Trace: 
  SyntaxError: /Users/macmini/Desktop/Hiren/HomeHosp-Mobile-App/package.json: Expected property name or '}' in JSON at position 84
      at JSON.parse (<anonymous>)
      at /usr/local/lib/node_modules/yarn/lib/cli.js:1629:59
      at Generator.next (<anonymous>)
      at step (/usr/local/lib/node_modules/yarn/lib/cli.js:310:30)
      at /usr/local/lib/node_modules/yarn/lib/cli.js:321:13

npm manifest: 
  {
    "name": "HomeHosp",
    "version": "0.0.1",
    "private": true,
    "scripts": {
      // "postinstall": "./App/scripts/postInstall.sh",
      "android": "source ~/.bash_profile&&react-native run-android",
      "ios": "react-native run-ios",
      "start": "react-native start",
      "test": "jest",
      "lint": "eslint .",
      "add-images": "cd App/scripts; Node Imagescript.js; cd ..",
      "AiOS": "react-native bundle --entry-file index.js --platform ios --dev false --bundle-output ios/main.jsbundle --assets-dest ios",
      "Aandroid": "cd android && ./gradlew assembleRelease"
    },
    "dependencies": {
      "@motify/components": "^0.17.1",
      "@react-native-community/art": "^1.2.0",
      "@react-native-community/async-storage": "^1.12.1",
      "@react-native-community/blur": "^3.6.0",
      "@react-native-community/datetimepicker": "^5.1.0",
      "@react-native-community/masked-view": "^0.1.11",
      "@react-native-community/netinfo": "^8.1.0",
      "@react-native-community/push-notification-ios": "^1.10.1",
      "@react-native-firebase/analytics": "^17.3.1",
      "@react-native-firebase/app": "^17.3.1",
      "@react-native-firebase/crashlytics": "^17.5.0",
      "@react-native-firebase/dynamic-links": "^17.3.1",
      "@react-navigation/bottom-tabs": "^6.2.0",
      "@react-navigation/drawer": "^6.3.1",
      "@react-navigation/native": "^6.0.8",
      "@react-navigation/stack": "^6.1.1",
      "@sayem314/react-native-keep-awake": "^1.1.0",
      "@stripe/stripe-react-native": "^0.27.2",
      "add": "^2.0.6",
      "axios": "^0.26.0",
      "lodash": "^4.17.21",
      "lottie-react-native": "^5.1.4",
      "moment": "^2.29.1",
      "moment-timezone": "^0.5.37",
      "moti": "^0.17.1",
      "mymodule": "^1.0.1",
      "patch-package": "^7.0.0",
      "postinstall-postinstall": "^2.1.0",
      "react": "17.0.2",
      "react-native": "0.67.2",
      "react-native-audio-recorder-player": "^3.5.3",
      "react-native-base64": "^0.2.1",
      "react-native-call-detection": "^1.9.0",
      "react-native-custom-actionsheet": "^0.1.1",
      "react-native-document-picker": "^8.1.1",
      "react-native-dropdown-picker": "^5.3.0",
      "react-native-file-viewer": "^2.1.5",
      "react-native-flash-message": "^0.2.1",
      "react-native-fs": "^2.20.0",
      "react-native-gesture-handler": "^2.8.0",
      "react-native-gifted-chat": "^0.16.3",
      "react-native-image-crop-picker": "^0.37.3",
      "react-native-image-picker": "^4.7.3",
      "react-native-image-viewing": "^0.2.2",
      "react-native-indicator": "^1.2.2",
      "react-native-keyboard-aware-scroll-view": "^0.9.5",
      "react-native-localize": "^2.2.2",
      "react-native-lottie-loader": "^1.0.0",
      "react-native-modal": "^13.0.1",
      "react-native-modal-datetime-picker": "^13.0.1",
      "react-native-otp-textinput": "^0.0.8",
      "react-native-push-notification": "^8.1.1",
      "react-native-reanimated": "^2.13.0",
      "react-native-safe-area-context": "^3.4.1",
      "react-native-screens": "^3.12.0",
      "react-native-select-dropdown": "^1.8.0",
      "react-native-sound": "^0.11.2",
      "react-native-swipeable-list": "^0.1.2",
      "react-native-textinput-effects": "^0.6.2",
      "react-native-twilio-video-webrtc": "https://github.com/blackuy/react-native-twilio-video-webrtc",
      "react-native-uuid": "^2.0.1",
      "react-native-vector-icons": "^9.1.0",
      "react-native-webview": "^11.23.0",
      "react-redux": "^7.2.6",
      "redux": "^4.1.2",
      "redux-logger": "^3.0.6",
      "redux-persist": "^6.0.0",
      "rn-fetch-blob": "^0.12.0",
      "twilio": "^3.83.0",
      "yarn": "^1.22.19"
    },
    "devDependencies": {
      "@babel/core": "^7.17.5",
      "@babel/runtime": "^7.17.2",
      "@react-native-community/eslint-config": "^3.0.1",
      "babel-jest": "^27.5.1",
      "eslint": "^8.9.0",
      "jest": "^27.5.1",
      "metro-react-native-babel-preset": "^0.68.0",
      "react-test-renderer": "17.0.2"
    },
    "jest": {
      "preset": "react-native"
    }
  }

yarn manifest: 
  No manifest

Lockfile: 
  No lockfile
